\BOOKMARK [1][-]{section.1}{\376\377\144\130\211\201}{}% 1
\BOOKMARK [1][-]{section.2}{\376\377\137\025\212\000}{}% 2
\BOOKMARK [1][-]{section.3}{\376\377\173\227\154\325\213\276\213\241}{}% 3
\BOOKMARK [2][-]{subsection.3.1}{\376\377\121\161\124\014\127\372\170\100\377\032\217\333\123\026\173\227\154\325\154\102\211\343\000\040\000T\000S\000P}{section.3}% 4
\BOOKMARK [2][-]{subsection.3.2}{\376\377\000A\000l\000g\000o\000r\000i\000t\000h\000m\000\040\0001\377\032\116\073\116\316\137\017\000\040\000d\000E\000A\377\010\000M\000a\000s\000t\000e\000r\000-\000W\000o\000r\000k\000e\000r\377\011}{section.3}% 5
\BOOKMARK [2][-]{subsection.3.3}{\376\377\000A\000l\000g\000o\000r\000i\000t\000h\000m\000\040\0002\377\032\122\006\134\102\000\040\000d\000E\000A\377\010\000H\000d\000E\000A\377\011}{section.3}% 6
\BOOKMARK [2][-]{subsection.3.4}{\376\377\000A\000l\000g\000o\000r\000i\000t\000h\000m\000\040\0003\377\032\136\046\171\315\177\244\217\301\171\373\166\204\000\040\000H\000d\000E\000A\377\010\000H\000d\000E\000A\000-\000M\000P\377\011}{section.3}% 7
\BOOKMARK [1][-]{section.4}{\376\377\133\236\232\214\213\276\177\156}{}% 8
\BOOKMARK [2][-]{subsection.4.1}{\376\377\155\113\213\325\133\236\117\213}{section.4}% 9
\BOOKMARK [2][-]{subsection.4.2}{\376\377\213\241\173\227\163\257\130\203}{section.4}% 10
\BOOKMARK [2][-]{subsection.4.3}{\376\377\173\227\154\325\123\302\145\160}{section.4}% 11
\BOOKMARK [2][-]{subsection.4.4}{\376\377\213\304\116\367\143\007\150\007}{section.4}% 12
\BOOKMARK [1][-]{section.5}{\376\377\133\236\232\214\176\323\147\234\116\016\122\006\147\220}{}% 13
\BOOKMARK [2][-]{subsection.5.1}{\376\377\217\320\210\114\176\323\147\234}{section.5}% 14
\BOOKMARK [2][-]{subsection.5.2}{\376\377\176\337\213\241\146\076\204\127\140\047\122\006\147\220}{section.5}% 15
\BOOKMARK [2][-]{subsection.5.3}{\376\377\123\357\211\306\123\026\133\371\153\324}{section.5}% 16
\BOOKMARK [2][-]{subsection.5.4}{\376\377\176\323\147\234\122\006\147\220}{section.5}% 17
\BOOKMARK [1][-]{section.6}{\376\377\176\323\213\272}{}% 18
\BOOKMARK [1][-]{section.7}{\376\377\226\104\137\125\377\032\000H\000o\000m\000e\000w\000o\000r\000k\000\040\156\220\170\001\116\016\213\364\146\016}{}% 19
\BOOKMARK [2][-]{subsection.7.1}{\376\377\000H\000o\000m\000e\000w\000o\000r\000k\000\040\0002\377\032\136\166\210\114\137\122\136\166\143\222\136\217}{section.7}% 20
\BOOKMARK [2][-]{subsection.7.2}{\376\377\000H\000o\000m\000e\000w\000o\000r\000k\000\040\0003\377\032\000M\000P\000I\000\040\167\351\226\065\116\130\154\325}{section.7}% 21
\BOOKMARK [2][-]{subsection.7.3}{\376\377\000H\000o\000m\000e\000w\000o\000r\000k\000\040\0004\377\032\165\050\000\040\000M\000P\000I\000\137\000S\000e\000n\000d\000\040\000/\000\040\000M\000P\000I\000\137\000R\000e\000c\000v\000\040\133\236\163\260\000\040\000M\000P\000I\000\137\000G\000a\000t\000h\000e\000r}{section.7}% 22
\BOOKMARK [2][-]{subsection.7.4}{\376\377\000H\000o\000m\000e\000w\000o\000r\000k\000\040\0005\377\032\165\050\000\040\000M\000P\000I\000\137\000S\000e\000n\000d\000\040\000/\000\040\000M\000P\000I\000\137\000R\000e\000c\000v\000\040\133\236\163\260\000\040\000M\000P\000I\000\137\000A\000l\000l\000g\000a\000t\000h\000e\000r}{section.7}% 23
\BOOKMARK [2][-]{subsection.7.5}{\376\377\000H\000o\000m\000e\000w\000o\000r\000k\000\040\0006\377\032\140\035\145\077\140\035\200\003\040\024\040\024\123\116\116\072\127\050\232\330\140\047\200\375\000/\136\166\210\114\213\241\173\227\230\206\127\337\166\204\150\070\137\303\172\336\116\211\122\233}{section.7}% 24
